#-----------------------------------------------------------
# Vivado v2018.2 (64-bit)
# SW Build 2258646 on Thu Jun 14 20:03:12 MDT 2018
# IP Build 2256618 on Thu Jun 14 22:10:49 MDT 2018
# Start of session at: Sun Apr 21 15:09:55 2024
# Process ID: 6492
# Current directory: A:/AUC/Arch-Lab/arch_proj
# Command line: vivado.exe -gui_launcher_event rodinguilauncherevent5840 A:\AUC\Arch-Lab\arch_proj\arch_proj.xpr
# Log file: A:/AUC/Arch-Lab/arch_proj/vivado.log
# Journal file: A:/AUC/Arch-Lab/arch_proj\vivado.jou
#-----------------------------------------------------------
start_gui
open_project -part xc7k70tfbv676-1 A:/AUC/Arch-Lab/arch_proj/arch_proj.xpr
INFO: [Project 1-313] Project file moved from 'E:/AUC/Arch/Arch-Lab/arch_proj' since last save.
Scanning sources...
Finished scanning sources
INFO: [Project 1-573] Overriding 'synth_1' run's part, 'xcvu065-ffvc1517-1-i', with new part: 'xc7k70tfbv676-1'.
INFO: [Project 1-573] Overriding 'impl_1' run's part, 'xcvu065-ffvc1517-1-i', with new part: 'xc7k70tfbv676-1'.
INFO: [Project 1-563] Overriding project part, 'xcvu065-ffvc1517-1-i', with new part: 'xc7k70tfbv676-1'.
WARNING: [Project 1-231] Project 'arch_proj.xpr' was created with a future version and may or may not perform reliably with this version of Vivado. It has been opened in read-only mode for the protection of unrecognized data. Use 'File | Save Project As...' if you wish to alter a copy of the project.
INFO: [IP_Flow 19-234] Refreshing IP repositories
INFO: [IP_Flow 19-1704] No user IP repositories specified
INFO: [IP_Flow 19-2313] Loaded Vivado IP repository 'A:/Xillinx/Vivado/2018.2/data/ip'.
open_project: Time (s): cpu = 00:00:07 ; elapsed = 00:00:16 . Memory (MB): peak = 748.332 ; gain = 56.719
update_compile_order -fileset sources_1
save_project_as khouly_proj A:/AUC/Arch-Lab/khouly_proj -force
