Copyright 1986-2018 Xilinx, Inc. All Rights Reserved.
-----------------------------------------------------------------------------------------------------------------------------------------------
| Tool Version : Vivado v.2018.2 (win64) Build 2258646 Thu Jun 14 20:03:12 MDT 2018
| Date         : Tue Mar 19 16:20:19 2024
| Host         : DESKTOP-5VEUJVF running 64-bit major release  (build 9200)
| Command      : report_methodology -file TOP_methodology_drc_routed.rpt -pb TOP_methodology_drc_routed.pb -rpx TOP_methodology_drc_routed.rpx
| Design       : TOP
| Device       : xc7a100tcsg324-1
| Speed File   : -1
| Design State : Routed
-----------------------------------------------------------------------------------------------------------------------------------------------

Report Methodology

Table of Contents
-----------------
1. REPORT SUMMARY
2. REPORT DETAILS

1. REPORT SUMMARY
-----------------
            Netlist: netlist
          Floorplan: design_1
      Design limits: <entire design considered>
             Max violations: <unlimited>
             Violations found: 326
+-----------+----------+------------------------------+------------+
| Rule      | Severity | Description                  | Violations |
+-----------+----------+------------------------------+------------+
| LUTAR-1   | Warning  | LUT drives async reset alert | 2          |
| TIMING-17 | Warning  | Non-clocked sequential cell  | 265        |
| TIMING-20 | Warning  | Non-clocked latch            | 59         |
+-----------+----------+------------------------------+------------+

2. REPORT DETAILS
-----------------
LUTAR-1#1 Warning
LUT drives async reset alert  
LUT cell PC/genblk1[3].dff/ALUsel_reg[2]_i_5, with 2 or more inputs, drives asynchronous preset/clear pin(s) ACPU/ALUsel_reg[0]/CLR, ACPU/ALUsel_reg[1]/PRE. The LUT may glitch and trigger an unexpected reset, even if it is a properly timed path.
Related violations: <none>

LUTAR-1#2 Warning
LUT drives async reset alert  
LUT cell Push_rst/det/regFile[8][31]_i_3, with 2 or more inputs, drives asynchronous preset/clear pin(s) PC/genblk1[0].dff/Q_reg/CLR, PC/genblk1[1].dff/Q_reg/CLR, PC/genblk1[2].dff/Q_reg/CLR, PC/genblk1[3].dff/Q_reg/CLR, PC/genblk1[4].dff/Q_reg/CLR, PC/genblk1[5].dff/Q_reg/CLR, PC/genblk1[6].dff/Q_reg/CLR, register_file/regFile_reg[1][0]/CLR, register_file/regFile_reg[1][10]/CLR, register_file/regFile_reg[1][11]/CLR, register_file/regFile_reg[1][12]/CLR, register_file/regFile_reg[1][13]/CLR, register_file/regFile_reg[1][14]/CLR, register_file/regFile_reg[1][15]/CLR, register_file/regFile_reg[1][16]/CLR (the first 15 of 199 listed). The LUT may glitch and trigger an unexpected reset, even if it is a properly timed path.
Related violations: <none>

TIMING-17#1 Warning
Non-clocked sequential cell  
The clock pin DM/mem_reg_0_63_0_0/SP/CLK is not reached by a timing clock
Related violations: <none>

TIMING-17#2 Warning
Non-clocked sequential cell  
The clock pin DM/mem_reg_0_63_10_10/SP/CLK is not reached by a timing clock
Related violations: <none>

TIMING-17#3 Warning
Non-clocked sequential cell  
The clock pin DM/mem_reg_0_63_11_11/SP/CLK is not reached by a timing clock
Related violations: <none>

TIMING-17#4 Warning
Non-clocked sequential cell  
The clock pin DM/mem_reg_0_63_12_12/SP/CLK is not reached by a timing clock
Related violations: <none>

TIMING-17#5 Warning
Non-clocked sequential cell  
The clock pin DM/mem_reg_0_63_13_13/SP/CLK is not reached by a timing clock
Related violations: <none>

TIMING-17#6 Warning
Non-clocked sequential cell  
The clock pin DM/mem_reg_0_63_14_14/SP/CLK is not reached by a timing clock
Related violations: <none>

TIMING-17#7 Warning
Non-clocked sequential cell  
The clock pin DM/mem_reg_0_63_15_15/SP/CLK is not reached by a timing clock
Related violations: <none>

TIMING-17#8 Warning
Non-clocked sequential cell  
The clock pin DM/mem_reg_0_63_16_16/SP/CLK is not reached by a timing clock
Related violations: <none>

TIMING-17#9 Warning
Non-clocked sequential cell  
The clock pin DM/mem_reg_0_63_17_17/SP/CLK is not reached by a timing clock
Related violations: <none>

TIMING-17#10 Warning
Non-clocked sequential cell  
The clock pin DM/mem_reg_0_63_18_18/SP/CLK is not reached by a timing clock
Related violations: <none>

TIMING-17#11 Warning
Non-clocked sequential cell  
The clock pin DM/mem_reg_0_63_19_19/SP/CLK is not reached by a timing clock
Related violations: <none>

TIMING-17#12 Warning
Non-clocked sequential cell  
The clock pin DM/mem_reg_0_63_1_1/SP/CLK is not reached by a timing clock
Related violations: <none>

TIMING-17#13 Warning
Non-clocked sequential cell  
The clock pin DM/mem_reg_0_63_20_20/SP/CLK is not reached by a timing clock
Related violations: <none>

TIMING-17#14 Warning
Non-clocked sequential cell  
The clock pin DM/mem_reg_0_63_21_21/SP/CLK is not reached by a timing clock
Related violations: <none>

TIMING-17#15 Warning
Non-clocked sequential cell  
The clock pin DM/mem_reg_0_63_22_22/SP/CLK is not reached by a timing clock
Related violations: <none>

TIMING-17#16 Warning
Non-clocked sequential cell  
The clock pin DM/mem_reg_0_63_23_23/SP/CLK is not reached by a timing clock
Related violations: <none>

TIMING-17#17 Warning
Non-clocked sequential cell  
The clock pin DM/mem_reg_0_63_24_24/SP/CLK is not reached by a timing clock
Related violations: <none>

TIMING-17#18 Warning
Non-clocked sequential cell  
The clock pin DM/mem_reg_0_63_25_25/SP/CLK is not reached by a timing clock
Related violations: <none>

TIMING-17#19 Warning
Non-clocked sequential cell  
The clock pin DM/mem_reg_0_63_26_26/SP/CLK is not reached by a timing clock
Related violations: <none>

TIMING-17#20 Warning
Non-clocked sequential cell  
The clock pin DM/mem_reg_0_63_27_27/SP/CLK is not reached by a timing clock
Related violations: <none>

TIMING-17#21 Warning
Non-clocked sequential cell  
The clock pin DM/mem_reg_0_63_28_28/SP/CLK is not reached by a timing clock
Related violations: <none>

TIMING-17#22 Warning
Non-clocked sequential cell  
The clock pin DM/mem_reg_0_63_29_29/SP/CLK is not reached by a timing clock
Related violations: <none>

TIMING-17#23 Warning
Non-clocked sequential cell  
The clock pin DM/mem_reg_0_63_2_2/SP/CLK is not reached by a timing clock
Related violations: <none>

TIMING-17#24 Warning
Non-clocked sequential cell  
The clock pin DM/mem_reg_0_63_30_30/SP/CLK is not reached by a timing clock
Related violations: <none>

TIMING-17#25 Warning
Non-clocked sequential cell  
The clock pin DM/mem_reg_0_63_31_31/SP/CLK is not reached by a timing clock
Related violations: <none>

TIMING-17#26 Warning
Non-clocked sequential cell  
The clock pin DM/mem_reg_0_63_3_3/SP/CLK is not reached by a timing clock
Related violations: <none>

TIMING-17#27 Warning
Non-clocked sequential cell  
The clock pin DM/mem_reg_0_63_4_4/SP/CLK is not reached by a timing clock
Related violations: <none>

TIMING-17#28 Warning
Non-clocked sequential cell  
The clock pin DM/mem_reg_0_63_5_5/SP/CLK is not reached by a timing clock
Related violations: <none>

TIMING-17#29 Warning
Non-clocked sequential cell  
The clock pin DM/mem_reg_0_63_6_6/SP/CLK is not reached by a timing clock
Related violations: <none>

TIMING-17#30 Warning
Non-clocked sequential cell  
The clock pin DM/mem_reg_0_63_7_7/SP/CLK is not reached by a timing clock
Related violations: <none>

TIMING-17#31 Warning
Non-clocked sequential cell  
The clock pin DM/mem_reg_0_63_8_8/SP/CLK is not reached by a timing clock
Related violations: <none>

TIMING-17#32 Warning
Non-clocked sequential cell  
The clock pin DM/mem_reg_0_63_9_9/SP/CLK is not reached by a timing clock
Related violations: <none>

TIMING-17#33 Warning
Non-clocked sequential cell  
The clock pin PC/genblk1[0].dff/Q_reg/C is not reached by a timing clock
Related violations: <none>

TIMING-17#34 Warning
Non-clocked sequential cell  
The clock pin PC/genblk1[1].dff/Q_reg/C is not reached by a timing clock
Related violations: <none>

TIMING-17#35 Warning
Non-clocked sequential cell  
The clock pin PC/genblk1[2].dff/Q_reg/C is not reached by a timing clock
Related violations: <none>

TIMING-17#36 Warning
Non-clocked sequential cell  
The clock pin PC/genblk1[3].dff/Q_reg/C is not reached by a timing clock
Related violations: <none>

TIMING-17#37 Warning
Non-clocked sequential cell  
The clock pin PC/genblk1[4].dff/Q_reg/C is not reached by a timing clock
Related violations: <none>

TIMING-17#38 Warning
Non-clocked sequential cell  
The clock pin PC/genblk1[5].dff/Q_reg/C is not reached by a timing clock
Related violations: <none>

TIMING-17#39 Warning
Non-clocked sequential cell  
The clock pin PC/genblk1[6].dff/Q_reg/C is not reached by a timing clock
Related violations: <none>

TIMING-17#40 Warning
Non-clocked sequential cell  
The clock pin Push_clk/debounce/q1_reg/C is not reached by a timing clock
Related violations: <none>

TIMING-17#41 Warning
Non-clocked sequential cell  
The clock pin Push_clk/debounce/q2_reg/C is not reached by a timing clock
Related violations: <none>

TIMING-17#42 Warning
Non-clocked sequential cell  
The clock pin Push_clk/debounce/q3_reg/C is not reached by a timing clock
Related violations: <none>

TIMING-17#43 Warning
Non-clocked sequential cell  
The clock pin Push_clk/det/FSM_sequential_state_reg[0]/C is not reached by a timing clock
Related violations: <none>

TIMING-17#44 Warning
Non-clocked sequential cell  
The clock pin Push_clk/det/FSM_sequential_state_reg[1]/C is not reached by a timing clock
Related violations: <none>

TIMING-17#45 Warning
Non-clocked sequential cell  
The clock pin Push_clk/refresh_counter_reg[0]/C is not reached by a timing clock
Related violations: <none>

TIMING-17#46 Warning
Non-clocked sequential cell  
The clock pin Push_clk/refresh_counter_reg[10]/C is not reached by a timing clock
Related violations: <none>

TIMING-17#47 Warning
Non-clocked sequential cell  
The clock pin Push_clk/refresh_counter_reg[11]/C is not reached by a timing clock
Related violations: <none>

TIMING-17#48 Warning
Non-clocked sequential cell  
The clock pin Push_clk/refresh_counter_reg[12]/C is not reached by a timing clock
Related violations: <none>

TIMING-17#49 Warning
Non-clocked sequential cell  
The clock pin Push_clk/refresh_counter_reg[13]/C is not reached by a timing clock
Related violations: <none>

TIMING-17#50 Warning
Non-clocked sequential cell  
The clock pin Push_clk/refresh_counter_reg[14]/C is not reached by a timing clock
Related violations: <none>

TIMING-17#51 Warning
Non-clocked sequential cell  
The clock pin Push_clk/refresh_counter_reg[15]/C is not reached by a timing clock
Related violations: <none>

TIMING-17#52 Warning
Non-clocked sequential cell  
The clock pin Push_clk/refresh_counter_reg[16]/C is not reached by a timing clock
Related violations: <none>

TIMING-17#53 Warning
Non-clocked sequential cell  
The clock pin Push_clk/refresh_counter_reg[17]/C is not reached by a timing clock
Related violations: <none>

TIMING-17#54 Warning
Non-clocked sequential cell  
The clock pin Push_clk/refresh_counter_reg[18]/C is not reached by a timing clock
Related violations: <none>

TIMING-17#55 Warning
Non-clocked sequential cell  
The clock pin Push_clk/refresh_counter_reg[19]/C is not reached by a timing clock
Related violations: <none>

TIMING-17#56 Warning
Non-clocked sequential cell  
The clock pin Push_clk/refresh_counter_reg[1]/C is not reached by a timing clock
Related violations: <none>

TIMING-17#57 Warning
Non-clocked sequential cell  
The clock pin Push_clk/refresh_counter_reg[2]/C is not reached by a timing clock
Related violations: <none>

TIMING-17#58 Warning
Non-clocked sequential cell  
The clock pin Push_clk/refresh_counter_reg[3]/C is not reached by a timing clock
Related violations: <none>

TIMING-17#59 Warning
Non-clocked sequential cell  
The clock pin Push_clk/refresh_counter_reg[4]/C is not reached by a timing clock
Related violations: <none>

TIMING-17#60 Warning
Non-clocked sequential cell  
The clock pin Push_clk/refresh_counter_reg[5]/C is not reached by a timing clock
Related violations: <none>

TIMING-17#61 Warning
Non-clocked sequential cell  
The clock pin Push_clk/refresh_counter_reg[6]/C is not reached by a timing clock
Related violations: <none>

TIMING-17#62 Warning
Non-clocked sequential cell  
The clock pin Push_clk/refresh_counter_reg[7]/C is not reached by a timing clock
Related violations: <none>

TIMING-17#63 Warning
Non-clocked sequential cell  
The clock pin Push_clk/refresh_counter_reg[8]/C is not reached by a timing clock
Related violations: <none>

TIMING-17#64 Warning
Non-clocked sequential cell  
The clock pin Push_clk/refresh_counter_reg[9]/C is not reached by a timing clock
Related violations: <none>

TIMING-17#65 Warning
Non-clocked sequential cell  
The clock pin Push_clk/synch/META_reg/C is not reached by a timing clock
Related violations: <none>

TIMING-17#66 Warning
Non-clocked sequential cell  
The clock pin Push_clk/synch/SIG1_reg/C is not reached by a timing clock
Related violations: <none>

TIMING-17#67 Warning
Non-clocked sequential cell  
The clock pin Push_rst/debounce/q1_reg/C is not reached by a timing clock
Related violations: <none>

TIMING-17#68 Warning
Non-clocked sequential cell  
The clock pin Push_rst/debounce/q2_reg/C is not reached by a timing clock
Related violations: <none>

TIMING-17#69 Warning
Non-clocked sequential cell  
The clock pin Push_rst/debounce/q3_reg/C is not reached by a timing clock
Related violations: <none>

TIMING-17#70 Warning
Non-clocked sequential cell  
The clock pin Push_rst/det/FSM_sequential_state_reg[0]/C is not reached by a timing clock
Related violations: <none>

TIMING-17#71 Warning
Non-clocked sequential cell  
The clock pin Push_rst/det/FSM_sequential_state_reg[1]/C is not reached by a timing clock
Related violations: <none>

TIMING-17#72 Warning
Non-clocked sequential cell  
The clock pin Push_rst/synch/META_reg/C is not reached by a timing clock
Related violations: <none>

TIMING-17#73 Warning
Non-clocked sequential cell  
The clock pin Push_rst/synch/SIG1_reg/C is not reached by a timing clock
Related violations: <none>

TIMING-17#74 Warning
Non-clocked sequential cell  
The clock pin register_file/regFile_reg[1][0]/C is not reached by a timing clock
Related violations: <none>

TIMING-17#75 Warning
Non-clocked sequential cell  
The clock pin register_file/regFile_reg[1][10]/C is not reached by a timing clock
Related violations: <none>

TIMING-17#76 Warning
Non-clocked sequential cell  
The clock pin register_file/regFile_reg[1][11]/C is not reached by a timing clock
Related violations: <none>

TIMING-17#77 Warning
Non-clocked sequential cell  
The clock pin register_file/regFile_reg[1][12]/C is not reached by a timing clock
Related violations: <none>

TIMING-17#78 Warning
Non-clocked sequential cell  
The clock pin register_file/regFile_reg[1][13]/C is not reached by a timing clock
Related violations: <none>

TIMING-17#79 Warning
Non-clocked sequential cell  
The clock pin register_file/regFile_reg[1][14]/C is not reached by a timing clock
Related violations: <none>

TIMING-17#80 Warning
Non-clocked sequential cell  
The clock pin register_file/regFile_reg[1][15]/C is not reached by a timing clock
Related violations: <none>

TIMING-17#81 Warning
Non-clocked sequential cell  
The clock pin register_file/regFile_reg[1][16]/C is not reached by a timing clock
Related violations: <none>

TIMING-17#82 Warning
Non-clocked sequential cell  
The clock pin register_file/regFile_reg[1][17]/C is not reached by a timing clock
Related violations: <none>

TIMING-17#83 Warning
Non-clocked sequential cell  
The clock pin register_file/regFile_reg[1][18]/C is not reached by a timing clock
Related violations: <none>

TIMING-17#84 Warning
Non-clocked sequential cell  
The clock pin register_file/regFile_reg[1][19]/C is not reached by a timing clock
Related violations: <none>

TIMING-17#85 Warning
Non-clocked sequential cell  
The clock pin register_file/regFile_reg[1][1]/C is not reached by a timing clock
Related violations: <none>

TIMING-17#86 Warning
Non-clocked sequential cell  
The clock pin register_file/regFile_reg[1][20]/C is not reached by a timing clock
Related violations: <none>

TIMING-17#87 Warning
Non-clocked sequential cell  
The clock pin register_file/regFile_reg[1][21]/C is not reached by a timing clock
Related violations: <none>

TIMING-17#88 Warning
Non-clocked sequential cell  
The clock pin register_file/regFile_reg[1][22]/C is not reached by a timing clock
Related violations: <none>

TIMING-17#89 Warning
Non-clocked sequential cell  
The clock pin register_file/regFile_reg[1][23]/C is not reached by a timing clock
Related violations: <none>

TIMING-17#90 Warning
Non-clocked sequential cell  
The clock pin register_file/regFile_reg[1][24]/C is not reached by a timing clock
Related violations: <none>

TIMING-17#91 Warning
Non-clocked sequential cell  
The clock pin register_file/regFile_reg[1][25]/C is not reached by a timing clock
Related violations: <none>

TIMING-17#92 Warning
Non-clocked sequential cell  
The clock pin register_file/regFile_reg[1][26]/C is not reached by a timing clock
Related violations: <none>

TIMING-17#93 Warning
Non-clocked sequential cell  
The clock pin register_file/regFile_reg[1][27]/C is not reached by a timing clock
Related violations: <none>

TIMING-17#94 Warning
Non-clocked sequential cell  
The clock pin register_file/regFile_reg[1][28]/C is not reached by a timing clock
Related violations: <none>

TIMING-17#95 Warning
Non-clocked sequential cell  
The clock pin register_file/regFile_reg[1][29]/C is not reached by a timing clock
Related violations: <none>

TIMING-17#96 Warning
Non-clocked sequential cell  
The clock pin register_file/regFile_reg[1][2]/C is not reached by a timing clock
Related violations: <none>

TIMING-17#97 Warning
Non-clocked sequential cell  
The clock pin register_file/regFile_reg[1][30]/C is not reached by a timing clock
Related violations: <none>

TIMING-17#98 Warning
Non-clocked sequential cell  
The clock pin register_file/regFile_reg[1][31]/C is not reached by a timing clock
Related violations: <none>

TIMING-17#99 Warning
Non-clocked sequential cell  
The clock pin register_file/regFile_reg[1][3]/C is not reached by a timing clock
Related violations: <none>

TIMING-17#100 Warning
Non-clocked sequential cell  
The clock pin register_file/regFile_reg[1][4]/C is not reached by a timing clock
Related violations: <none>

TIMING-17#101 Warning
Non-clocked sequential cell  
The clock pin register_file/regFile_reg[1][5]/C is not reached by a timing clock
Related violations: <none>

TIMING-17#102 Warning
Non-clocked sequential cell  
The clock pin register_file/regFile_reg[1][6]/C is not reached by a timing clock
Related violations: <none>

TIMING-17#103 Warning
Non-clocked sequential cell  
The clock pin register_file/regFile_reg[1][7]/C is not reached by a timing clock
Related violations: <none>

TIMING-17#104 Warning
Non-clocked sequential cell  
The clock pin register_file/regFile_reg[1][8]/C is not reached by a timing clock
Related violations: <none>

TIMING-17#105 Warning
Non-clocked sequential cell  
The clock pin register_file/regFile_reg[1][9]/C is not reached by a timing clock
Related violations: <none>

TIMING-17#106 Warning
Non-clocked sequential cell  
The clock pin register_file/regFile_reg[2][0]/C is not reached by a timing clock
Related violations: <none>

TIMING-17#107 Warning
Non-clocked sequential cell  
The clock pin register_file/regFile_reg[2][10]/C is not reached by a timing clock
Related violations: <none>

TIMING-17#108 Warning
Non-clocked sequential cell  
The clock pin register_file/regFile_reg[2][11]/C is not reached by a timing clock
Related violations: <none>

TIMING-17#109 Warning
Non-clocked sequential cell  
The clock pin register_file/regFile_reg[2][12]/C is not reached by a timing clock
Related violations: <none>

TIMING-17#110 Warning
Non-clocked sequential cell  
The clock pin register_file/regFile_reg[2][13]/C is not reached by a timing clock
Related violations: <none>

TIMING-17#111 Warning
Non-clocked sequential cell  
The clock pin register_file/regFile_reg[2][14]/C is not reached by a timing clock
Related violations: <none>

TIMING-17#112 Warning
Non-clocked sequential cell  
The clock pin register_file/regFile_reg[2][15]/C is not reached by a timing clock
Related violations: <none>

TIMING-17#113 Warning
Non-clocked sequential cell  
The clock pin register_file/regFile_reg[2][16]/C is not reached by a timing clock
Related violations: <none>

TIMING-17#114 Warning
Non-clocked sequential cell  
The clock pin register_file/regFile_reg[2][17]/C is not reached by a timing clock
Related violations: <none>

TIMING-17#115 Warning
Non-clocked sequential cell  
The clock pin register_file/regFile_reg[2][18]/C is not reached by a timing clock
Related violations: <none>

TIMING-17#116 Warning
Non-clocked sequential cell  
The clock pin register_file/regFile_reg[2][19]/C is not reached by a timing clock
Related violations: <none>

TIMING-17#117 Warning
Non-clocked sequential cell  
The clock pin register_file/regFile_reg[2][1]/C is not reached by a timing clock
Related violations: <none>

TIMING-17#118 Warning
Non-clocked sequential cell  
The clock pin register_file/regFile_reg[2][20]/C is not reached by a timing clock
Related violations: <none>

TIMING-17#119 Warning
Non-clocked sequential cell  
The clock pin register_file/regFile_reg[2][21]/C is not reached by a timing clock
Related violations: <none>

TIMING-17#120 Warning
Non-clocked sequential cell  
The clock pin register_file/regFile_reg[2][22]/C is not reached by a timing clock
Related violations: <none>

TIMING-17#121 Warning
Non-clocked sequential cell  
The clock pin register_file/regFile_reg[2][23]/C is not reached by a timing clock
Related violations: <none>

TIMING-17#122 Warning
Non-clocked sequential cell  
The clock pin register_file/regFile_reg[2][24]/C is not reached by a timing clock
Related violations: <none>

TIMING-17#123 Warning
Non-clocked sequential cell  
The clock pin register_file/regFile_reg[2][25]/C is not reached by a timing clock
Related violations: <none>

TIMING-17#124 Warning
Non-clocked sequential cell  
The clock pin register_file/regFile_reg[2][26]/C is not reached by a timing clock
Related violations: <none>

TIMING-17#125 Warning
Non-clocked sequential cell  
The clock pin register_file/regFile_reg[2][27]/C is not reached by a timing clock
Related violations: <none>

TIMING-17#126 Warning
Non-clocked sequential cell  
The clock pin register_file/regFile_reg[2][28]/C is not reached by a timing clock
Related violations: <none>

TIMING-17#127 Warning
Non-clocked sequential cell  
The clock pin register_file/regFile_reg[2][29]/C is not reached by a timing clock
Related violations: <none>

TIMING-17#128 Warning
Non-clocked sequential cell  
The clock pin register_file/regFile_reg[2][2]/C is not reached by a timing clock
Related violations: <none>

TIMING-17#129 Warning
Non-clocked sequential cell  
The clock pin register_file/regFile_reg[2][30]/C is not reached by a timing clock
Related violations: <none>

TIMING-17#130 Warning
Non-clocked sequential cell  
The clock pin register_file/regFile_reg[2][31]/C is not reached by a timing clock
Related violations: <none>

TIMING-17#131 Warning
Non-clocked sequential cell  
The clock pin register_file/regFile_reg[2][3]/C is not reached by a timing clock
Related violations: <none>

TIMING-17#132 Warning
Non-clocked sequential cell  
The clock pin register_file/regFile_reg[2][4]/C is not reached by a timing clock
Related violations: <none>

TIMING-17#133 Warning
Non-clocked sequential cell  
The clock pin register_file/regFile_reg[2][5]/C is not reached by a timing clock
Related violations: <none>

TIMING-17#134 Warning
Non-clocked sequential cell  
The clock pin register_file/regFile_reg[2][6]/C is not reached by a timing clock
Related violations: <none>

TIMING-17#135 Warning
Non-clocked sequential cell  
The clock pin register_file/regFile_reg[2][7]/C is not reached by a timing clock
Related violations: <none>

TIMING-17#136 Warning
Non-clocked sequential cell  
The clock pin register_file/regFile_reg[2][8]/C is not reached by a timing clock
Related violations: <none>

TIMING-17#137 Warning
Non-clocked sequential cell  
The clock pin register_file/regFile_reg[2][9]/C is not reached by a timing clock
Related violations: <none>

TIMING-17#138 Warning
Non-clocked sequential cell  
The clock pin register_file/regFile_reg[3][0]/C is not reached by a timing clock
Related violations: <none>

TIMING-17#139 Warning
Non-clocked sequential cell  
The clock pin register_file/regFile_reg[3][10]/C is not reached by a timing clock
Related violations: <none>

TIMING-17#140 Warning
Non-clocked sequential cell  
The clock pin register_file/regFile_reg[3][11]/C is not reached by a timing clock
Related violations: <none>

TIMING-17#141 Warning
Non-clocked sequential cell  
The clock pin register_file/regFile_reg[3][12]/C is not reached by a timing clock
Related violations: <none>

TIMING-17#142 Warning
Non-clocked sequential cell  
The clock pin register_file/regFile_reg[3][13]/C is not reached by a timing clock
Related violations: <none>

TIMING-17#143 Warning
Non-clocked sequential cell  
The clock pin register_file/regFile_reg[3][14]/C is not reached by a timing clock
Related violations: <none>

TIMING-17#144 Warning
Non-clocked sequential cell  
The clock pin register_file/regFile_reg[3][15]/C is not reached by a timing clock
Related violations: <none>

TIMING-17#145 Warning
Non-clocked sequential cell  
The clock pin register_file/regFile_reg[3][16]/C is not reached by a timing clock
Related violations: <none>

TIMING-17#146 Warning
Non-clocked sequential cell  
The clock pin register_file/regFile_reg[3][17]/C is not reached by a timing clock
Related violations: <none>

TIMING-17#147 Warning
Non-clocked sequential cell  
The clock pin register_file/regFile_reg[3][18]/C is not reached by a timing clock
Related violations: <none>

TIMING-17#148 Warning
Non-clocked sequential cell  
The clock pin register_file/regFile_reg[3][19]/C is not reached by a timing clock
Related violations: <none>

TIMING-17#149 Warning
Non-clocked sequential cell  
The clock pin register_file/regFile_reg[3][1]/C is not reached by a timing clock
Related violations: <none>

TIMING-17#150 Warning
Non-clocked sequential cell  
The clock pin register_file/regFile_reg[3][20]/C is not reached by a timing clock
Related violations: <none>

TIMING-17#151 Warning
Non-clocked sequential cell  
The clock pin register_file/regFile_reg[3][21]/C is not reached by a timing clock
Related violations: <none>

TIMING-17#152 Warning
Non-clocked sequential cell  
The clock pin register_file/regFile_reg[3][22]/C is not reached by a timing clock
Related violations: <none>

TIMING-17#153 Warning
Non-clocked sequential cell  
The clock pin register_file/regFile_reg[3][23]/C is not reached by a timing clock
Related violations: <none>

TIMING-17#154 Warning
Non-clocked sequential cell  
The clock pin register_file/regFile_reg[3][24]/C is not reached by a timing clock
Related violations: <none>

TIMING-17#155 Warning
Non-clocked sequential cell  
The clock pin register_file/regFile_reg[3][25]/C is not reached by a timing clock
Related violations: <none>

TIMING-17#156 Warning
Non-clocked sequential cell  
The clock pin register_file/regFile_reg[3][26]/C is not reached by a timing clock
Related violations: <none>

TIMING-17#157 Warning
Non-clocked sequential cell  
The clock pin register_file/regFile_reg[3][27]/C is not reached by a timing clock
Related violations: <none>

TIMING-17#158 Warning
Non-clocked sequential cell  
The clock pin register_file/regFile_reg[3][28]/C is not reached by a timing clock
Related violations: <none>

TIMING-17#159 Warning
Non-clocked sequential cell  
The clock pin register_file/regFile_reg[3][29]/C is not reached by a timing clock
Related violations: <none>

TIMING-17#160 Warning
Non-clocked sequential cell  
The clock pin register_file/regFile_reg[3][2]/C is not reached by a timing clock
Related violations: <none>

TIMING-17#161 Warning
Non-clocked sequential cell  
The clock pin register_file/regFile_reg[3][30]/C is not reached by a timing clock
Related violations: <none>

TIMING-17#162 Warning
Non-clocked sequential cell  
The clock pin register_file/regFile_reg[3][31]/C is not reached by a timing clock
Related violations: <none>

TIMING-17#163 Warning
Non-clocked sequential cell  
The clock pin register_file/regFile_reg[3][3]/C is not reached by a timing clock
Related violations: <none>

TIMING-17#164 Warning
Non-clocked sequential cell  
The clock pin register_file/regFile_reg[3][4]/C is not reached by a timing clock
Related violations: <none>

TIMING-17#165 Warning
Non-clocked sequential cell  
The clock pin register_file/regFile_reg[3][5]/C is not reached by a timing clock
Related violations: <none>

TIMING-17#166 Warning
Non-clocked sequential cell  
The clock pin register_file/regFile_reg[3][6]/C is not reached by a timing clock
Related violations: <none>

TIMING-17#167 Warning
Non-clocked sequential cell  
The clock pin register_file/regFile_reg[3][7]/C is not reached by a timing clock
Related violations: <none>

TIMING-17#168 Warning
Non-clocked sequential cell  
The clock pin register_file/regFile_reg[3][8]/C is not reached by a timing clock
Related violations: <none>

TIMING-17#169 Warning
Non-clocked sequential cell  
The clock pin register_file/regFile_reg[3][9]/C is not reached by a timing clock
Related violations: <none>

TIMING-17#170 Warning
Non-clocked sequential cell  
The clock pin register_file/regFile_reg[4][0]/C is not reached by a timing clock
Related violations: <none>

TIMING-17#171 Warning
Non-clocked sequential cell  
The clock pin register_file/regFile_reg[4][10]/C is not reached by a timing clock
Related violations: <none>

TIMING-17#172 Warning
Non-clocked sequential cell  
The clock pin register_file/regFile_reg[4][11]/C is not reached by a timing clock
Related violations: <none>

TIMING-17#173 Warning
Non-clocked sequential cell  
The clock pin register_file/regFile_reg[4][12]/C is not reached by a timing clock
Related violations: <none>

TIMING-17#174 Warning
Non-clocked sequential cell  
The clock pin register_file/regFile_reg[4][13]/C is not reached by a timing clock
Related violations: <none>

TIMING-17#175 Warning
Non-clocked sequential cell  
The clock pin register_file/regFile_reg[4][14]/C is not reached by a timing clock
Related violations: <none>

TIMING-17#176 Warning
Non-clocked sequential cell  
The clock pin register_file/regFile_reg[4][15]/C is not reached by a timing clock
Related violations: <none>

TIMING-17#177 Warning
Non-clocked sequential cell  
The clock pin register_file/regFile_reg[4][16]/C is not reached by a timing clock
Related violations: <none>

TIMING-17#178 Warning
Non-clocked sequential cell  
The clock pin register_file/regFile_reg[4][17]/C is not reached by a timing clock
Related violations: <none>

TIMING-17#179 Warning
Non-clocked sequential cell  
The clock pin register_file/regFile_reg[4][18]/C is not reached by a timing clock
Related violations: <none>

TIMING-17#180 Warning
Non-clocked sequential cell  
The clock pin register_file/regFile_reg[4][19]/C is not reached by a timing clock
Related violations: <none>

TIMING-17#181 Warning
Non-clocked sequential cell  
The clock pin register_file/regFile_reg[4][1]/C is not reached by a timing clock
Related violations: <none>

TIMING-17#182 Warning
Non-clocked sequential cell  
The clock pin register_file/regFile_reg[4][20]/C is not reached by a timing clock
Related violations: <none>

TIMING-17#183 Warning
Non-clocked sequential cell  
The clock pin register_file/regFile_reg[4][21]/C is not reached by a timing clock
Related violations: <none>

TIMING-17#184 Warning
Non-clocked sequential cell  
The clock pin register_file/regFile_reg[4][22]/C is not reached by a timing clock
Related violations: <none>

TIMING-17#185 Warning
Non-clocked sequential cell  
The clock pin register_file/regFile_reg[4][23]/C is not reached by a timing clock
Related violations: <none>

TIMING-17#186 Warning
Non-clocked sequential cell  
The clock pin register_file/regFile_reg[4][24]/C is not reached by a timing clock
Related violations: <none>

TIMING-17#187 Warning
Non-clocked sequential cell  
The clock pin register_file/regFile_reg[4][25]/C is not reached by a timing clock
Related violations: <none>

TIMING-17#188 Warning
Non-clocked sequential cell  
The clock pin register_file/regFile_reg[4][26]/C is not reached by a timing clock
Related violations: <none>

TIMING-17#189 Warning
Non-clocked sequential cell  
The clock pin register_file/regFile_reg[4][27]/C is not reached by a timing clock
Related violations: <none>

TIMING-17#190 Warning
Non-clocked sequential cell  
The clock pin register_file/regFile_reg[4][28]/C is not reached by a timing clock
Related violations: <none>

TIMING-17#191 Warning
Non-clocked sequential cell  
The clock pin register_file/regFile_reg[4][29]/C is not reached by a timing clock
Related violations: <none>

TIMING-17#192 Warning
Non-clocked sequential cell  
The clock pin register_file/regFile_reg[4][2]/C is not reached by a timing clock
Related violations: <none>

TIMING-17#193 Warning
Non-clocked sequential cell  
The clock pin register_file/regFile_reg[4][30]/C is not reached by a timing clock
Related violations: <none>

TIMING-17#194 Warning
Non-clocked sequential cell  
The clock pin register_file/regFile_reg[4][31]/C is not reached by a timing clock
Related violations: <none>

TIMING-17#195 Warning
Non-clocked sequential cell  
The clock pin register_file/regFile_reg[4][3]/C is not reached by a timing clock
Related violations: <none>

TIMING-17#196 Warning
Non-clocked sequential cell  
The clock pin register_file/regFile_reg[4][4]/C is not reached by a timing clock
Related violations: <none>

TIMING-17#197 Warning
Non-clocked sequential cell  
The clock pin register_file/regFile_reg[4][5]/C is not reached by a timing clock
Related violations: <none>

TIMING-17#198 Warning
Non-clocked sequential cell  
The clock pin register_file/regFile_reg[4][6]/C is not reached by a timing clock
Related violations: <none>

TIMING-17#199 Warning
Non-clocked sequential cell  
The clock pin register_file/regFile_reg[4][7]/C is not reached by a timing clock
Related violations: <none>

TIMING-17#200 Warning
Non-clocked sequential cell  
The clock pin register_file/regFile_reg[4][8]/C is not reached by a timing clock
Related violations: <none>

TIMING-17#201 Warning
Non-clocked sequential cell  
The clock pin register_file/regFile_reg[4][9]/C is not reached by a timing clock
Related violations: <none>

TIMING-17#202 Warning
Non-clocked sequential cell  
The clock pin register_file/regFile_reg[5][0]/C is not reached by a timing clock
Related violations: <none>

TIMING-17#203 Warning
Non-clocked sequential cell  
The clock pin register_file/regFile_reg[5][10]/C is not reached by a timing clock
Related violations: <none>

TIMING-17#204 Warning
Non-clocked sequential cell  
The clock pin register_file/regFile_reg[5][11]/C is not reached by a timing clock
Related violations: <none>

TIMING-17#205 Warning
Non-clocked sequential cell  
The clock pin register_file/regFile_reg[5][12]/C is not reached by a timing clock
Related violations: <none>

TIMING-17#206 Warning
Non-clocked sequential cell  
The clock pin register_file/regFile_reg[5][13]/C is not reached by a timing clock
Related violations: <none>

TIMING-17#207 Warning
Non-clocked sequential cell  
The clock pin register_file/regFile_reg[5][14]/C is not reached by a timing clock
Related violations: <none>

TIMING-17#208 Warning
Non-clocked sequential cell  
The clock pin register_file/regFile_reg[5][15]/C is not reached by a timing clock
Related violations: <none>

TIMING-17#209 Warning
Non-clocked sequential cell  
The clock pin register_file/regFile_reg[5][16]/C is not reached by a timing clock
Related violations: <none>

TIMING-17#210 Warning
Non-clocked sequential cell  
The clock pin register_file/regFile_reg[5][17]/C is not reached by a timing clock
Related violations: <none>

TIMING-17#211 Warning
Non-clocked sequential cell  
The clock pin register_file/regFile_reg[5][18]/C is not reached by a timing clock
Related violations: <none>

TIMING-17#212 Warning
Non-clocked sequential cell  
The clock pin register_file/regFile_reg[5][19]/C is not reached by a timing clock
Related violations: <none>

TIMING-17#213 Warning
Non-clocked sequential cell  
The clock pin register_file/regFile_reg[5][1]/C is not reached by a timing clock
Related violations: <none>

TIMING-17#214 Warning
Non-clocked sequential cell  
The clock pin register_file/regFile_reg[5][20]/C is not reached by a timing clock
Related violations: <none>

TIMING-17#215 Warning
Non-clocked sequential cell  
The clock pin register_file/regFile_reg[5][21]/C is not reached by a timing clock
Related violations: <none>

TIMING-17#216 Warning
Non-clocked sequential cell  
The clock pin register_file/regFile_reg[5][22]/C is not reached by a timing clock
Related violations: <none>

TIMING-17#217 Warning
Non-clocked sequential cell  
The clock pin register_file/regFile_reg[5][23]/C is not reached by a timing clock
Related violations: <none>

TIMING-17#218 Warning
Non-clocked sequential cell  
The clock pin register_file/regFile_reg[5][24]/C is not reached by a timing clock
Related violations: <none>

TIMING-17#219 Warning
Non-clocked sequential cell  
The clock pin register_file/regFile_reg[5][25]/C is not reached by a timing clock
Related violations: <none>

TIMING-17#220 Warning
Non-clocked sequential cell  
The clock pin register_file/regFile_reg[5][26]/C is not reached by a timing clock
Related violations: <none>

TIMING-17#221 Warning
Non-clocked sequential cell  
The clock pin register_file/regFile_reg[5][27]/C is not reached by a timing clock
Related violations: <none>

TIMING-17#222 Warning
Non-clocked sequential cell  
The clock pin register_file/regFile_reg[5][28]/C is not reached by a timing clock
Related violations: <none>

TIMING-17#223 Warning
Non-clocked sequential cell  
The clock pin register_file/regFile_reg[5][29]/C is not reached by a timing clock
Related violations: <none>

TIMING-17#224 Warning
Non-clocked sequential cell  
The clock pin register_file/regFile_reg[5][2]/C is not reached by a timing clock
Related violations: <none>

TIMING-17#225 Warning
Non-clocked sequential cell  
The clock pin register_file/regFile_reg[5][30]/C is not reached by a timing clock
Related violations: <none>

TIMING-17#226 Warning
Non-clocked sequential cell  
The clock pin register_file/regFile_reg[5][31]/C is not reached by a timing clock
Related violations: <none>

TIMING-17#227 Warning
Non-clocked sequential cell  
The clock pin register_file/regFile_reg[5][3]/C is not reached by a timing clock
Related violations: <none>

TIMING-17#228 Warning
Non-clocked sequential cell  
The clock pin register_file/regFile_reg[5][4]/C is not reached by a timing clock
Related violations: <none>

TIMING-17#229 Warning
Non-clocked sequential cell  
The clock pin register_file/regFile_reg[5][5]/C is not reached by a timing clock
Related violations: <none>

TIMING-17#230 Warning
Non-clocked sequential cell  
The clock pin register_file/regFile_reg[5][6]/C is not reached by a timing clock
Related violations: <none>

TIMING-17#231 Warning
Non-clocked sequential cell  
The clock pin register_file/regFile_reg[5][7]/C is not reached by a timing clock
Related violations: <none>

TIMING-17#232 Warning
Non-clocked sequential cell  
The clock pin register_file/regFile_reg[5][8]/C is not reached by a timing clock
Related violations: <none>

TIMING-17#233 Warning
Non-clocked sequential cell  
The clock pin register_file/regFile_reg[5][9]/C is not reached by a timing clock
Related violations: <none>

TIMING-17#234 Warning
Non-clocked sequential cell  
The clock pin register_file/regFile_reg[8][0]/C is not reached by a timing clock
Related violations: <none>

TIMING-17#235 Warning
Non-clocked sequential cell  
The clock pin register_file/regFile_reg[8][10]/C is not reached by a timing clock
Related violations: <none>

TIMING-17#236 Warning
Non-clocked sequential cell  
The clock pin register_file/regFile_reg[8][11]/C is not reached by a timing clock
Related violations: <none>

TIMING-17#237 Warning
Non-clocked sequential cell  
The clock pin register_file/regFile_reg[8][12]/C is not reached by a timing clock
Related violations: <none>

TIMING-17#238 Warning
Non-clocked sequential cell  
The clock pin register_file/regFile_reg[8][13]/C is not reached by a timing clock
Related violations: <none>

TIMING-17#239 Warning
Non-clocked sequential cell  
The clock pin register_file/regFile_reg[8][14]/C is not reached by a timing clock
Related violations: <none>

TIMING-17#240 Warning
Non-clocked sequential cell  
The clock pin register_file/regFile_reg[8][15]/C is not reached by a timing clock
Related violations: <none>

TIMING-17#241 Warning
Non-clocked sequential cell  
The clock pin register_file/regFile_reg[8][16]/C is not reached by a timing clock
Related violations: <none>

TIMING-17#242 Warning
Non-clocked sequential cell  
The clock pin register_file/regFile_reg[8][17]/C is not reached by a timing clock
Related violations: <none>

TIMING-17#243 Warning
Non-clocked sequential cell  
The clock pin register_file/regFile_reg[8][18]/C is not reached by a timing clock
Related violations: <none>

TIMING-17#244 Warning
Non-clocked sequential cell  
The clock pin register_file/regFile_reg[8][19]/C is not reached by a timing clock
Related violations: <none>

TIMING-17#245 Warning
Non-clocked sequential cell  
The clock pin register_file/regFile_reg[8][1]/C is not reached by a timing clock
Related violations: <none>

TIMING-17#246 Warning
Non-clocked sequential cell  
The clock pin register_file/regFile_reg[8][20]/C is not reached by a timing clock
Related violations: <none>

TIMING-17#247 Warning
Non-clocked sequential cell  
The clock pin register_file/regFile_reg[8][21]/C is not reached by a timing clock
Related violations: <none>

TIMING-17#248 Warning
Non-clocked sequential cell  
The clock pin register_file/regFile_reg[8][22]/C is not reached by a timing clock
Related violations: <none>

TIMING-17#249 Warning
Non-clocked sequential cell  
The clock pin register_file/regFile_reg[8][23]/C is not reached by a timing clock
Related violations: <none>

TIMING-17#250 Warning
Non-clocked sequential cell  
The clock pin register_file/regFile_reg[8][24]/C is not reached by a timing clock
Related violations: <none>

TIMING-17#251 Warning
Non-clocked sequential cell  
The clock pin register_file/regFile_reg[8][25]/C is not reached by a timing clock
Related violations: <none>

TIMING-17#252 Warning
Non-clocked sequential cell  
The clock pin register_file/regFile_reg[8][26]/C is not reached by a timing clock
Related violations: <none>

TIMING-17#253 Warning
Non-clocked sequential cell  
The clock pin register_file/regFile_reg[8][27]/C is not reached by a timing clock
Related violations: <none>

TIMING-17#254 Warning
Non-clocked sequential cell  
The clock pin register_file/regFile_reg[8][28]/C is not reached by a timing clock
Related violations: <none>

TIMING-17#255 Warning
Non-clocked sequential cell  
The clock pin register_file/regFile_reg[8][29]/C is not reached by a timing clock
Related violations: <none>

TIMING-17#256 Warning
Non-clocked sequential cell  
The clock pin register_file/regFile_reg[8][2]/C is not reached by a timing clock
Related violations: <none>

TIMING-17#257 Warning
Non-clocked sequential cell  
The clock pin register_file/regFile_reg[8][30]/C is not reached by a timing clock
Related violations: <none>

TIMING-17#258 Warning
Non-clocked sequential cell  
The clock pin register_file/regFile_reg[8][31]/C is not reached by a timing clock
Related violations: <none>

TIMING-17#259 Warning
Non-clocked sequential cell  
The clock pin register_file/regFile_reg[8][3]/C is not reached by a timing clock
Related violations: <none>

TIMING-17#260 Warning
Non-clocked sequential cell  
The clock pin register_file/regFile_reg[8][4]/C is not reached by a timing clock
Related violations: <none>

TIMING-17#261 Warning
Non-clocked sequential cell  
The clock pin register_file/regFile_reg[8][5]/C is not reached by a timing clock
Related violations: <none>

TIMING-17#262 Warning
Non-clocked sequential cell  
The clock pin register_file/regFile_reg[8][6]/C is not reached by a timing clock
Related violations: <none>

TIMING-17#263 Warning
Non-clocked sequential cell  
The clock pin register_file/regFile_reg[8][7]/C is not reached by a timing clock
Related violations: <none>

TIMING-17#264 Warning
Non-clocked sequential cell  
The clock pin register_file/regFile_reg[8][8]/C is not reached by a timing clock
Related violations: <none>

TIMING-17#265 Warning
Non-clocked sequential cell  
The clock pin register_file/regFile_reg[8][9]/C is not reached by a timing clock
Related violations: <none>

TIMING-20#1 Warning
Non-clocked latch  
The latch ACPU/ALUsel_reg[0] cannot be properly analyzed as its control pin ACPU/ALUsel_reg[0]/G is not reached by a timing clock
Related violations: <none>

TIMING-20#2 Warning
Non-clocked latch  
The latch ACPU/ALUsel_reg[1] cannot be properly analyzed as its control pin ACPU/ALUsel_reg[1]/G is not reached by a timing clock
Related violations: <none>

TIMING-20#3 Warning
Non-clocked latch  
The latch ACPU/ALUsel_reg[2]/L7 (in ACPU/ALUsel_reg[2] macro) cannot be properly analyzed as its control pin ACPU/ALUsel_reg[2]/L7/G is not reached by a timing clock
Related violations: <none>

TIMING-20#4 Warning
Non-clocked latch  
The latch CPU/memtoreg_reg cannot be properly analyzed as its control pin CPU/memtoreg_reg/G is not reached by a timing clock
Related violations: <none>

TIMING-20#5 Warning
Non-clocked latch  
The latch DM/data_out[-1111111080] cannot be properly analyzed as its control pin DM/data_out[-1111111080]/G is not reached by a timing clock
Related violations: <none>

TIMING-20#6 Warning
Non-clocked latch  
The latch DM/data_out[-1111111081] cannot be properly analyzed as its control pin DM/data_out[-1111111081]/G is not reached by a timing clock
Related violations: <none>

TIMING-20#7 Warning
Non-clocked latch  
The latch DM/data_out[-1111111082] cannot be properly analyzed as its control pin DM/data_out[-1111111082]/G is not reached by a timing clock
Related violations: <none>

TIMING-20#8 Warning
Non-clocked latch  
The latch DM/data_out[-1111111083] cannot be properly analyzed as its control pin DM/data_out[-1111111083]/G is not reached by a timing clock
Related violations: <none>

TIMING-20#9 Warning
Non-clocked latch  
The latch DM/data_out[-1111111084] cannot be properly analyzed as its control pin DM/data_out[-1111111084]/G is not reached by a timing clock
Related violations: <none>

TIMING-20#10 Warning
Non-clocked latch  
The latch DM/data_out[-1111111085] cannot be properly analyzed as its control pin DM/data_out[-1111111085]/G is not reached by a timing clock
Related violations: <none>

TIMING-20#11 Warning
Non-clocked latch  
The latch DM/data_out[-1111111086] cannot be properly analyzed as its control pin DM/data_out[-1111111086]/G is not reached by a timing clock
Related violations: <none>

TIMING-20#12 Warning
Non-clocked latch  
The latch DM/data_out[-1111111087] cannot be properly analyzed as its control pin DM/data_out[-1111111087]/G is not reached by a timing clock
Related violations: <none>

TIMING-20#13 Warning
Non-clocked latch  
The latch DM/data_out[-1111111088] cannot be properly analyzed as its control pin DM/data_out[-1111111088]/G is not reached by a timing clock
Related violations: <none>

TIMING-20#14 Warning
Non-clocked latch  
The latch DM/data_out[-1111111089] cannot be properly analyzed as its control pin DM/data_out[-1111111089]/G is not reached by a timing clock
Related violations: <none>

TIMING-20#15 Warning
Non-clocked latch  
The latch DM/data_out[-1111111090] cannot be properly analyzed as its control pin DM/data_out[-1111111090]/G is not reached by a timing clock
Related violations: <none>

TIMING-20#16 Warning
Non-clocked latch  
The latch DM/data_out[-1111111091] cannot be properly analyzed as its control pin DM/data_out[-1111111091]/G is not reached by a timing clock
Related violations: <none>

TIMING-20#17 Warning
Non-clocked latch  
The latch DM/data_out[-1111111092] cannot be properly analyzed as its control pin DM/data_out[-1111111092]/G is not reached by a timing clock
Related violations: <none>

TIMING-20#18 Warning
Non-clocked latch  
The latch DM/data_out[-1111111093] cannot be properly analyzed as its control pin DM/data_out[-1111111093]/G is not reached by a timing clock
Related violations: <none>

TIMING-20#19 Warning
Non-clocked latch  
The latch DM/data_out[-1111111094] cannot be properly analyzed as its control pin DM/data_out[-1111111094]/G is not reached by a timing clock
Related violations: <none>

TIMING-20#20 Warning
Non-clocked latch  
The latch DM/data_out[-1111111095] cannot be properly analyzed as its control pin DM/data_out[-1111111095]/G is not reached by a timing clock
Related violations: <none>

TIMING-20#21 Warning
Non-clocked latch  
The latch DM/data_out[-1111111096] cannot be properly analyzed as its control pin DM/data_out[-1111111096]/G is not reached by a timing clock
Related violations: <none>

TIMING-20#22 Warning
Non-clocked latch  
The latch DM/data_out[-1111111097] cannot be properly analyzed as its control pin DM/data_out[-1111111097]/G is not reached by a timing clock
Related violations: <none>

TIMING-20#23 Warning
Non-clocked latch  
The latch DM/data_out[-1111111098] cannot be properly analyzed as its control pin DM/data_out[-1111111098]/G is not reached by a timing clock
Related violations: <none>

TIMING-20#24 Warning
Non-clocked latch  
The latch DM/data_out[-1111111099] cannot be properly analyzed as its control pin DM/data_out[-1111111099]/G is not reached by a timing clock
Related violations: <none>

TIMING-20#25 Warning
Non-clocked latch  
The latch DM/data_out[-1111111100] cannot be properly analyzed as its control pin DM/data_out[-1111111100]/G is not reached by a timing clock
Related violations: <none>

TIMING-20#26 Warning
Non-clocked latch  
The latch DM/data_out[-1111111101] cannot be properly analyzed as its control pin DM/data_out[-1111111101]/G is not reached by a timing clock
Related violations: <none>

TIMING-20#27 Warning
Non-clocked latch  
The latch DM/data_out[-1111111102] cannot be properly analyzed as its control pin DM/data_out[-1111111102]/G is not reached by a timing clock
Related violations: <none>

TIMING-20#28 Warning
Non-clocked latch  
The latch DM/data_out[-1111111103] cannot be properly analyzed as its control pin DM/data_out[-1111111103]/G is not reached by a timing clock
Related violations: <none>

TIMING-20#29 Warning
Non-clocked latch  
The latch DM/data_out[-1111111104] cannot be properly analyzed as its control pin DM/data_out[-1111111104]/G is not reached by a timing clock
Related violations: <none>

TIMING-20#30 Warning
Non-clocked latch  
The latch DM/data_out[-1111111105] cannot be properly analyzed as its control pin DM/data_out[-1111111105]/G is not reached by a timing clock
Related violations: <none>

TIMING-20#31 Warning
Non-clocked latch  
The latch DM/data_out[-1111111106] cannot be properly analyzed as its control pin DM/data_out[-1111111106]/G is not reached by a timing clock
Related violations: <none>

TIMING-20#32 Warning
Non-clocked latch  
The latch DM/data_out[-1111111107] cannot be properly analyzed as its control pin DM/data_out[-1111111107]/G is not reached by a timing clock
Related violations: <none>

TIMING-20#33 Warning
Non-clocked latch  
The latch DM/data_out[-1111111108] cannot be properly analyzed as its control pin DM/data_out[-1111111108]/G is not reached by a timing clock
Related violations: <none>

TIMING-20#34 Warning
Non-clocked latch  
The latch DM/data_out[-1111111109] cannot be properly analyzed as its control pin DM/data_out[-1111111109]/G is not reached by a timing clock
Related violations: <none>

TIMING-20#35 Warning
Non-clocked latch  
The latch DM/data_out[-1111111110] cannot be properly analyzed as its control pin DM/data_out[-1111111110]/G is not reached by a timing clock
Related violations: <none>

TIMING-20#36 Warning
Non-clocked latch  
The latch DM/data_out[-1111111111] cannot be properly analyzed as its control pin DM/data_out[-1111111111]/G is not reached by a timing clock
Related violations: <none>

TIMING-20#37 Warning
Non-clocked latch  
The latch LED_reg[0] cannot be properly analyzed as its control pin LED_reg[0]/G is not reached by a timing clock
Related violations: <none>

TIMING-20#38 Warning
Non-clocked latch  
The latch LED_reg[10] cannot be properly analyzed as its control pin LED_reg[10]/G is not reached by a timing clock
Related violations: <none>

TIMING-20#39 Warning
Non-clocked latch  
The latch LED_reg[11] cannot be properly analyzed as its control pin LED_reg[11]/G is not reached by a timing clock
Related violations: <none>

TIMING-20#40 Warning
Non-clocked latch  
The latch LED_reg[12] cannot be properly analyzed as its control pin LED_reg[12]/G is not reached by a timing clock
Related violations: <none>

TIMING-20#41 Warning
Non-clocked latch  
The latch LED_reg[13] cannot be properly analyzed as its control pin LED_reg[13]/G is not reached by a timing clock
Related violations: <none>

TIMING-20#42 Warning
Non-clocked latch  
The latch LED_reg[14] cannot be properly analyzed as its control pin LED_reg[14]/G is not reached by a timing clock
Related violations: <none>

TIMING-20#43 Warning
Non-clocked latch  
The latch LED_reg[15] cannot be properly analyzed as its control pin LED_reg[15]/G is not reached by a timing clock
Related violations: <none>

TIMING-20#44 Warning
Non-clocked latch  
The latch LED_reg[1] cannot be properly analyzed as its control pin LED_reg[1]/G is not reached by a timing clock
Related violations: <none>

TIMING-20#45 Warning
Non-clocked latch  
The latch LED_reg[2] cannot be properly analyzed as its control pin LED_reg[2]/G is not reached by a timing clock
Related violations: <none>

TIMING-20#46 Warning
Non-clocked latch  
The latch LED_reg[3] cannot be properly analyzed as its control pin LED_reg[3]/G is not reached by a timing clock
Related violations: <none>

TIMING-20#47 Warning
Non-clocked latch  
The latch LED_reg[4] cannot be properly analyzed as its control pin LED_reg[4]/G is not reached by a timing clock
Related violations: <none>

TIMING-20#48 Warning
Non-clocked latch  
The latch LED_reg[5] cannot be properly analyzed as its control pin LED_reg[5]/G is not reached by a timing clock
Related violations: <none>

TIMING-20#49 Warning
Non-clocked latch  
The latch LED_reg[6] cannot be properly analyzed as its control pin LED_reg[6]/G is not reached by a timing clock
Related violations: <none>

TIMING-20#50 Warning
Non-clocked latch  
The latch LED_reg[7] cannot be properly analyzed as its control pin LED_reg[7]/G is not reached by a timing clock
Related violations: <none>

TIMING-20#51 Warning
Non-clocked latch  
The latch LED_reg[8] cannot be properly analyzed as its control pin LED_reg[8]/G is not reached by a timing clock
Related violations: <none>

TIMING-20#52 Warning
Non-clocked latch  
The latch LED_reg[9] cannot be properly analyzed as its control pin LED_reg[9]/G is not reached by a timing clock
Related violations: <none>

TIMING-20#53 Warning
Non-clocked latch  
The latch SSD_reg[0] cannot be properly analyzed as its control pin SSD_reg[0]/G is not reached by a timing clock
Related violations: <none>

TIMING-20#54 Warning
Non-clocked latch  
The latch SSD_reg[1] cannot be properly analyzed as its control pin SSD_reg[1]/G is not reached by a timing clock
Related violations: <none>

TIMING-20#55 Warning
Non-clocked latch  
The latch SSD_reg[2] cannot be properly analyzed as its control pin SSD_reg[2]/G is not reached by a timing clock
Related violations: <none>

TIMING-20#56 Warning
Non-clocked latch  
The latch SSD_reg[3] cannot be properly analyzed as its control pin SSD_reg[3]/G is not reached by a timing clock
Related violations: <none>

TIMING-20#57 Warning
Non-clocked latch  
The latch SSD_reg[4] cannot be properly analyzed as its control pin SSD_reg[4]/G is not reached by a timing clock
Related violations: <none>

TIMING-20#58 Warning
Non-clocked latch  
The latch SSD_reg[5] cannot be properly analyzed as its control pin SSD_reg[5]/G is not reached by a timing clock
Related violations: <none>

TIMING-20#59 Warning
Non-clocked latch  
The latch SSD_reg[6] cannot be properly analyzed as its control pin SSD_reg[6]/G is not reached by a timing clock
Related violations: <none>


